2025-03-02T23:34:12.8784108+02:00  [INF] Запуск застосунку... (8f4fa8d3)
2025-03-02T23:34:12.8959309+02:00  [INF] Рядок підключення отримано успішно. (d7e3c1d1)
2025-03-02T23:34:13.3284835+02:00  [INF] Режим розробки: міграції увімкнені. (2202d76a)
2025-03-02T23:34:13.5515744+02:00  [INF] User profile is available. Using '"C:\Users\Vovam\AppData\Local\ASP.NET\DataProtection-Keys"' as key repository and Windows DPAPI to encrypt keys at rest. (7ac5e29c)
2025-03-02T23:34:14.2380614+02:00  [INF] Виконується застосування міграцій... (75ce3e38)
2025-03-02T23:34:16.3567879+02:00  [INF] Executed DbCommand ("32"ms) [Parameters=[""], CommandType='Text', CommandTimeout='30']"
""SELECT 1" (0723d8ff)
2025-03-02T23:34:16.3959690+02:00  [INF] Executed DbCommand ("21"ms) [Parameters=[""], CommandType='Text', CommandTimeout='30']"
""SELECT OBJECT_ID(N'[__EFMigrationsHistory]');" (0723d8ff)
2025-03-02T23:34:16.4056371+02:00  [INF] Executed DbCommand ("3"ms) [Parameters=[""], CommandType='Text', CommandTimeout='30']"
""SELECT 1" (0723d8ff)
2025-03-02T23:34:16.4102182+02:00  [INF] Executed DbCommand ("1"ms) [Parameters=[""], CommandType='Text', CommandTimeout='30']"
""SELECT OBJECT_ID(N'[__EFMigrationsHistory]');" (0723d8ff)
2025-03-02T23:34:16.4390363+02:00  [INF] Executed DbCommand ("6"ms) [Parameters=[""], CommandType='Text', CommandTimeout='30']"
""SELECT [MigrationId], [ProductVersion]
FROM [__EFMigrationsHistory]
ORDER BY [MigrationId];" (0723d8ff)
2025-03-02T23:34:16.4718300+02:00  [INF] No migrations were applied. The database is already up to date. (503cba9d)
2025-03-02T23:34:16.4759067+02:00  [INF] Міграції застосовані успішно. (0122f121)
2025-03-02T23:34:16.8390177+02:00  [INF] Now listening on: "https://localhost:7173" (d826f4b8)
2025-03-02T23:34:16.8422758+02:00  [INF] Now listening on: "http://localhost:5133" (d826f4b8)
2025-03-02T23:34:16.8875381+02:00  [INF] Application started. Press Ctrl+C to shut down. (dcaefe54)
2025-03-02T23:34:16.8922109+02:00  [INF] Hosting environment: "Development" (bc5a1a4e)
2025-03-02T23:34:16.8953584+02:00  [INF] Content root path: "D:\gitMARATHON\gitMARATHON" (cc26f24e)
2025-03-02T23:34:17.8972881+02:00 0HNAPQ7U3PG8F:00000001 [INF] Request starting "HTTP/2" "GET" "https"://"localhost:7173""""/""" - null null (d509f86a)
2025-03-02T23:34:18.2030525+02:00 0HNAPQ7U3PG8F:00000001 [INF] Executing endpoint '"gitMARATHON.Controllers.HomeController.Index (gitMARATHON)"' (500cc934)
2025-03-02T23:34:19.2171311+02:00 0HNAPQ7U3PG8F:00000001 [INF] Route matched with "{action = \"Index\", controller = \"Home\"}". Executing controller action with signature "Microsoft.AspNetCore.Mvc.IActionResult Index()" on controller "gitMARATHON.Controllers.HomeController" ("gitMARATHON"). (122b2fdf)
2025-03-02T23:34:19.2572226+02:00 0HNAPQ7U3PG8F:00000001 [INF] Executing ViewResult, running view "Index". (c83d0e25)
2025-03-02T23:34:19.5697604+02:00 0HNAPQ7U3PG8F:00000001 [INF] Executed ViewResult - view "Index" executed in 318.6877ms. (f66409e9)
2025-03-02T23:34:19.5787466+02:00 0HNAPQ7U3PG8F:00000001 [INF] Executed action "gitMARATHON.Controllers.HomeController.Index (gitMARATHON)" in 359.3254ms (afa2e885)
2025-03-02T23:34:19.5804975+02:00 0HNAPQ7U3PG8F:00000001 [INF] Executed endpoint '"gitMARATHON.Controllers.HomeController.Index (gitMARATHON)"' (99874f2b)
2025-03-02T23:34:19.5962299+02:00 0HNAPQ7U3PG8F:00000001 [INF] Request finished "HTTP/2" "GET" "https"://"localhost:7173""""/""" - 200 null "text/html; charset=utf-8" 1714.9094ms (74253ad3)
2025-03-02T23:34:20.0049870+02:00 0HNAPQ7U3PG8F:00000003 [INF] Request starting "HTTP/2" "GET" "https"://"localhost:7173""""/lib/bootstrap/dist/css/bootstrap.min.css""" - null null (d509f86a)
2025-03-02T23:34:20.0140194+02:00 0HNAPQ7U3PG8F:00000003 [INF] The file "/lib/bootstrap/dist/css/bootstrap.min.css" was not modified (f1f8d725)
2025-03-02T23:34:20.0181283+02:00 0HNAPQ7U3PG8F:00000003 [INF] Request finished "HTTP/2" "GET" "https"://"localhost:7173""""/lib/bootstrap/dist/css/bootstrap.min.css""" - 304 null "text/css" 12.9638ms (74253ad3)
2025-03-02T23:34:20.0274348+02:00 0HNAPQ7U3PG8F:00000005 [INF] Request starting "HTTP/2" "GET" "https"://"localhost:7173""""/css/site.css""?v=Noo-SqNyW1tXBUMDkQK9VVOwzphwc69WlvObV0BE-8I" - null null (d509f86a)
2025-03-02T23:34:20.0334218+02:00 0HNAPQ7U3PG8F:00000009 [INF] Request starting "HTTP/2" "GET" "https"://"localhost:7173""""/gitMARATHON.styles.css""?v=2bxAVkcLdgBKuEhvujnsIR5mrXWFJG528flRgNHWqk8" - null null (d509f86a)
2025-03-02T23:34:20.0334231+02:00 0HNAPQ7U3PG8F:00000007 [INF] Request starting "HTTP/2" "GET" "https"://"localhost:7173""""/css/site.css""" - null null (d509f86a)
2025-03-02T23:34:20.0400383+02:00 0HNAPQ7U3PG8F:0000000D [INF] Request starting "HTTP/2" "GET" "https"://"localhost:7173""""/lib/bootstrap/dist/js/bootstrap.bundle.min.js""" - null null (d509f86a)
2025-03-02T23:34:20.0399719+02:00 0HNAPQ7U3PG8F:0000000B [INF] Request starting "HTTP/2" "GET" "https"://"localhost:7173""""/lib/jquery/dist/jquery.min.js""" - null null (d509f86a)
2025-03-02T23:34:20.0404877+02:00 0HNAPQ7U3PG8F:0000000D [INF] The file "/lib/bootstrap/dist/js/bootstrap.bundle.min.js" was not modified (f1f8d725)
2025-03-02T23:34:20.0404876+02:00 0HNAPQ7U3PG8F:0000000B [INF] The file "/lib/jquery/dist/jquery.min.js" was not modified (f1f8d725)
2025-03-02T23:34:20.0407240+02:00 0HNAPQ7U3PG8F:0000000D [INF] Request finished "HTTP/2" "GET" "https"://"localhost:7173""""/lib/bootstrap/dist/js/bootstrap.bundle.min.js""" - 304 null "text/javascript" 1.3338ms (74253ad3)
2025-03-02T23:34:20.0407723+02:00 0HNAPQ7U3PG8F:0000000B [INF] Request finished "HTTP/2" "GET" "https"://"localhost:7173""""/lib/jquery/dist/jquery.min.js""" - 304 null "text/javascript" 1.4528ms (74253ad3)
2025-03-02T23:34:20.0583912+02:00 0HNAPQ7U3PG8F:0000000F [INF] Request starting "HTTP/2" "GET" "https"://"localhost:7173""""/_framework/aspnetcore-browser-refresh.js""" - null null (d509f86a)
2025-03-02T23:34:20.0666026+02:00 0HNAPQ7U3PG8F:00000011 [INF] Request starting "HTTP/2" "GET" "https"://"localhost:7173""""/js/site.js""" - null null (d509f86a)
2025-03-02T23:34:20.0961216+02:00 0HNAPQ7U3PG8F:00000013 [INF] Request starting "HTTP/2" "GET" "https"://"localhost:7173""""/_vs/browserLink""" - null null (d509f86a)
2025-03-02T23:34:20.1354714+02:00 0HNAPQ7U3PG8F:00000009 [INF] Sending file. Request path: '"/gitMARATHON.styles.css"'. Physical path: '"D:\gitMARATHON\gitMARATHON\obj\Debug\net8.0\scopedcss\bundle\gitMARATHON.styles.css"' (27b0a520)
2025-03-02T23:34:20.1418200+02:00 0HNAPQ7U3PG8F:00000009 [INF] Request finished "HTTP/2" "GET" "https"://"localhost:7173""""/gitMARATHON.styles.css""?v=2bxAVkcLdgBKuEhvujnsIR5mrXWFJG528flRgNHWqk8" - 200 1128 "text/css" 109.7956ms (74253ad3)
2025-03-02T23:34:20.1667120+02:00 0HNAPQ7U3PG8F:00000005 [INF] Sending file. Request path: '"/css/site.css"'. Physical path: '"D:\gitMARATHON\gitMARATHON\wwwroot\css\site.css"' (27b0a520)
2025-03-02T23:34:20.1667122+02:00 0HNAPQ7U3PG8F:00000007 [INF] Sending file. Request path: '"/css/site.css"'. Physical path: '"D:\gitMARATHON\gitMARATHON\wwwroot\css\site.css"' (27b0a520)
2025-03-02T23:34:20.1667122+02:00 0HNAPQ7U3PG8F:00000011 [INF] Sending file. Request path: '"/js/site.js"'. Physical path: '"D:\gitMARATHON\gitMARATHON\wwwroot\js\site.js"' (27b0a520)
2025-03-02T23:34:20.1668526+02:00 0HNAPQ7U3PG8F:0000000F [INF] Request finished "HTTP/2" "GET" "https"://"localhost:7173""""/_framework/aspnetcore-browser-refresh.js""" - 200 13758 "application/javascript; charset=utf-8" 109.4306ms (74253ad3)
2025-03-02T23:34:20.1670168+02:00 0HNAPQ7U3PG8F:00000005 [INF] Request finished "HTTP/2" "GET" "https"://"localhost:7173""""/css/site.css""?v=Noo-SqNyW1tXBUMDkQK9VVOwzphwc69WlvObV0BE-8I" - 200 14049 "text/css" 139.7504ms (74253ad3)
2025-03-02T23:34:20.1671045+02:00 0HNAPQ7U3PG8F:00000011 [INF] Request finished "HTTP/2" "GET" "https"://"localhost:7173""""/js/site.js""" - 200 5038 "text/javascript" 101.5827ms (74253ad3)
2025-03-02T23:34:20.1671043+02:00 0HNAPQ7U3PG8F:00000007 [INF] Request finished "HTTP/2" "GET" "https"://"localhost:7173""""/css/site.css""" - 200 14049 "text/css" 135.1811ms (74253ad3)
2025-03-02T23:34:20.2383811+02:00 0HNAPQ7U3PG8F:00000013 [INF] Request finished "HTTP/2" "GET" "https"://"localhost:7173""""/_vs/browserLink""" - 200 null "text/javascript; charset=UTF-8" 142.1544ms (74253ad3)
